  % make bt NPROCS=64 CLASS=D
     =========================================
     =      NAS Parallel Benchmarks 3.3      =
     =      MPI/F77/C                        =
     =========================================

  cd BT; make NPROCS=64 CLASS=D SUBTYPE= VERSION=
  make[1]: Entering directory `/tmp/NPB3.3-MPI/BT'
  make[2]: Entering directory `/tmp/NPB3.3-MPI/sys'
  cc -g  -o setparams setparams.c
  make[2]: Leaving directory `/tmp/NPB3.3-MPI/sys'
  ../sys/setparams bt 64 D
  make[2]: Entering directory `/tmp/NPB3.3-MPI/BT'
  mpif77 -c  -O2 bt.f
  mpif77 -c  -O2 make_set.f
  mpif77 -c  -O2 initialize.f
  mpif77 -c  -O2 exact_solution.f
  mpif77 -c  -O2 exact_rhs.f
  mpif77 -c  -O2 set_constants.f
  mpif77 -c  -O2 adi.f
  mpif77 -c  -O2 define.f
  mpif77 -c  -O2 copy_faces.f
  mpif77 -c  -O2 rhs.f
  mpif77 -c  -O2 solve_subs.f
  mpif77 -c  -O2 x_solve.f
  mpif77 -c  -O2 y_solve.f
  mpif77 -c  -O2 z_solve.f
  mpif77 -c  -O2 add.f
  mpif77 -c  -O2 error.f
  mpif77 -c  -O2 verify.f
  mpif77 -c  -O2 setup_mpi.f
  cd ../common; mpif77 -c  -O2 print_results.f
  cd ../common; mpif77 -c  -O2 timers.f
  make[3]: Entering directory `/tmp/NPB3.3-MPI/BT'
  mpif77 -c  -O2 btio.f
  mpif77 -O2 -o ../bin/bt.D.64 bt.o make_set.o initialize.o exact_solution.o
  exact_rhs.o set_constants.o adi.o define.o copy_faces.o rhs.o solve_subs.o
  x_solve.o y_solve.o z_solve.o add.o error.o verify.o setup_mpi.o
  ../common/print_results.o ../common/timers.o btio.o
  make[3]: Leaving directory `/tmp/NPB3.3-MPI/BT'
  make[2]: Leaving directory `/tmp/NPB3.3-MPI/BT'
  make[1]: Leaving directory `/tmp/NPB3.3-MPI/BT'
